[2025-10-10 21:16:11] [INFO] AdminController initialized 
[2025-10-10 21:16:11] [INFO] Admin dashboard accessed 
[2025-10-10 21:16:11] [INFO] User accessed admin dashboard {"user_id":"2","email":"tes1@yandex.ru","role":"admin"}
[2025-10-10 21:16:11] [INFO] Getting admin statistics 
[2025-10-10 21:16:11] [DEBUG] Fetching candidate statistics 
[2025-10-10 21:16:11] [DEBUG] Candidate stats {"total":"5","active":"5"}
[2025-10-10 21:16:11] [DEBUG] Fetching verification statistics 
[2025-10-10 21:16:11] [DEBUG] Fetching recent verifications with names 
[2025-10-10 21:16:11] [ERROR] Error getting admin stats {"message":"Ошибка выполнения запроса","file":"D:\\OpenServer\\shakha30\\alliance_service\\public_html\\php_interface\\db_conn.php","line":66}
[2025-10-10 21:16:11] [WARNING] Using fallback stats - database might be unavailable 
[2025-10-10 21:16:11] [DEBUG] Admin stats retrieved {"stats":{"total_candidates":0,"active_candidates":0,"total_verifications":0,"total_earnings":0,"recent_verifications":[],"total_hours":0,"total_orders":0,"unique_couriers":0,"recent_verifications_count":0}}
[2025-10-10 21:16:53] [INFO] AdminController initialized 
[2025-10-10 21:16:53] [INFO] Admin dashboard accessed 
[2025-10-10 21:16:53] [INFO] User accessed admin dashboard {"user_id":"2","email":"tes1@yandex.ru","role":"admin"}
[2025-10-10 21:16:53] [INFO] Getting admin statistics 
[2025-10-10 21:16:53] [DEBUG] Fetching candidate statistics 
[2025-10-10 21:16:53] [DEBUG] Candidate stats {"total":"5","active":"5"}
[2025-10-10 21:16:53] [DEBUG] Fetching verification statistics 
[2025-10-10 21:16:53] [DEBUG] Fetching recent verifications with names 
[2025-10-10 21:16:53] [DEBUG] Getting recent verifications with names {"limit":5}
[2025-10-10 21:16:53] [DEBUG] SQL query prepared {"sql":"SELECT \r\n                v.*, \r\n                c.full_name\r\n            FROM verification_data v\r\n            LEFT JOIN candidates c ON v.courier_id = c.courier_id\r\n            ORDER BY v.created_at DESC \r\n            LIMIT ?"}
[2025-10-10 21:16:53] [ERROR] Error in getRecentVerificationsWithNames {"message":"Ошибка выполнения запроса","limit":5}
[2025-10-10 21:16:53] [DEBUG] Recent verifications result {"count":0,"data":[]}
[2025-10-10 21:16:53] [INFO] Admin statistics retrieved successfully {"stats_summary":{"candidates":"5","verifications":5,"earnings":"202200.00"}}
[2025-10-10 21:16:53] [DEBUG] Admin stats retrieved {"stats":{"total_candidates":"5","active_candidates":"5","total_verifications":5,"total_earnings":"202200.00","recent_verifications":[],"total_hours":"559.00","total_orders":"384","unique_couriers":"4","recent_verifications_count":"5"}}
[2025-10-10 21:17:26] [INFO] AdminController initialized 
[2025-10-10 21:17:26] [INFO] Admin dashboard accessed 
[2025-10-10 21:17:26] [INFO] User accessed admin dashboard {"user_id":"2","email":"tes1@yandex.ru","role":"admin"}
[2025-10-10 21:17:26] [INFO] Getting admin statistics 
[2025-10-10 21:17:26] [DEBUG] Fetching candidate statistics 
[2025-10-10 21:17:26] [DEBUG] Candidate stats {"total":"5","active":"5"}
[2025-10-10 21:17:26] [DEBUG] Fetching verification statistics 
[2025-10-10 21:17:26] [DEBUG] Fetching recent verifications with names 
[2025-10-10 21:17:26] [DEBUG] Getting recent verifications with names {"limit":5}
[2025-10-10 21:17:26] [DEBUG] SQL query prepared {"sql":"SELECT \r\n                v.*, \r\n                c.full_name\r\n            FROM verification_data v\r\n            LEFT JOIN candidates c ON v.courier_id = c.courier_id\r\n            ORDER BY v.created_at DESC \r\n            LIMIT ?"}
[2025-10-10 21:17:26] [ERROR] Error in getRecentVerificationsWithNames {"message":"Ошибка выполнения запроса","limit":5}
[2025-10-10 21:17:26] [DEBUG] Recent verifications result {"count":0,"data":[]}
[2025-10-10 21:17:26] [INFO] Admin statistics retrieved successfully {"stats_summary":{"candidates":"5","verifications":5,"earnings":"202200.00"}}
[2025-10-10 21:17:26] [DEBUG] Admin stats retrieved {"stats":{"total_candidates":"5","active_candidates":"5","total_verifications":5,"total_earnings":"202200.00","recent_verifications":[],"total_hours":"559.00","total_orders":"384","unique_couriers":"4","recent_verifications_count":"5"}}
[2025-10-10 21:17:33] [INFO] AdminController initialized 
[2025-10-10 21:17:33] [INFO] Admin dashboard accessed 
[2025-10-10 21:17:33] [INFO] User accessed admin dashboard {"user_id":"2","email":"tes1@yandex.ru","role":"admin"}
[2025-10-10 21:17:33] [INFO] Getting admin statistics 
[2025-10-10 21:17:33] [DEBUG] Fetching candidate statistics 
[2025-10-10 21:17:33] [DEBUG] Candidate stats {"total":"5","active":"5"}
[2025-10-10 21:17:33] [DEBUG] Fetching verification statistics 
[2025-10-10 21:17:33] [DEBUG] Fetching recent verifications with names 
[2025-10-10 21:17:33] [DEBUG] Getting recent verifications with names {"limit":5}
[2025-10-10 21:17:33] [DEBUG] SQL query prepared {"sql":"SELECT \r\n                v.*, \r\n                c.full_name\r\n            FROM verification_data v\r\n            LEFT JOIN candidates c ON v.courier_id = c.courier_id\r\n            ORDER BY v.created_at DESC \r\n            LIMIT ?"}
[2025-10-10 21:17:33] [ERROR] Error in getRecentVerificationsWithNames {"message":"Ошибка выполнения запроса","limit":5}
[2025-10-10 21:17:33] [DEBUG] Recent verifications result {"count":0,"data":[]}
[2025-10-10 21:17:33] [INFO] Admin statistics retrieved successfully {"stats_summary":{"candidates":"5","verifications":5,"earnings":"202200.00"}}
[2025-10-10 21:17:33] [DEBUG] Admin stats retrieved {"stats":{"total_candidates":"5","active_candidates":"5","total_verifications":5,"total_earnings":"202200.00","recent_verifications":[],"total_hours":"559.00","total_orders":"384","unique_couriers":"4","recent_verifications_count":"5"}}
[2025-10-10 21:17:46] [INFO] AdminController initialized 
[2025-10-10 21:17:46] [INFO] Admin dashboard accessed 
[2025-10-10 21:17:46] [INFO] User accessed admin dashboard {"user_id":"2","email":"tes1@yandex.ru","role":"admin"}
[2025-10-10 21:17:46] [INFO] Getting admin statistics 
[2025-10-10 21:17:46] [DEBUG] Fetching candidate statistics 
[2025-10-10 21:17:46] [DEBUG] Candidate stats {"total":"5","active":"5"}
[2025-10-10 21:17:46] [DEBUG] Fetching verification statistics 
[2025-10-10 21:17:46] [DEBUG] Fetching recent verifications with names 
[2025-10-10 21:17:46] [DEBUG] Getting recent verifications with names {"limit":5}
[2025-10-10 21:17:46] [DEBUG] SQL query prepared {"sql":"SELECT \r\n                v.*, \r\n                c.full_name\r\n            FROM verification_data v\r\n            LEFT JOIN candidates c ON v.courier_id = c.courier_id\r\n            ORDER BY v.created_at DESC \r\n            LIMIT ?"}
[2025-10-10 21:17:46] [ERROR] Error in getRecentVerificationsWithNames {"message":"Ошибка выполнения запроса","limit":5}
[2025-10-10 21:17:46] [DEBUG] Recent verifications result {"count":0,"data":[]}
[2025-10-10 21:17:46] [INFO] Admin statistics retrieved successfully {"stats_summary":{"candidates":"5","verifications":5,"earnings":"202200.00"}}
[2025-10-10 21:17:46] [DEBUG] Admin stats retrieved {"stats":{"total_candidates":"5","active_candidates":"5","total_verifications":5,"total_earnings":"202200.00","recent_verifications":[],"total_hours":"559.00","total_orders":"384","unique_couriers":"4","recent_verifications_count":"5"}}
[2025-10-10 21:18:04] [INFO] AdminController initialized 
[2025-10-10 21:18:04] [INFO] Admin dashboard accessed 
[2025-10-10 21:18:04] [INFO] User accessed admin dashboard {"user_id":"2","email":"tes1@yandex.ru","role":"admin"}
[2025-10-10 21:18:04] [INFO] Getting admin statistics 
[2025-10-10 21:18:04] [DEBUG] Fetching candidate statistics 
[2025-10-10 21:18:04] [DEBUG] Candidate stats {"total":"5","active":"5"}
[2025-10-10 21:18:04] [DEBUG] Fetching verification statistics 
[2025-10-10 21:18:04] [DEBUG] Fetching recent verifications with names 
[2025-10-10 21:18:04] [DEBUG] Getting recent verifications with names {"limit":5}
[2025-10-10 21:18:04] [DEBUG] SQL query prepared {"sql":"SELECT \r\n                v.*, \r\n                c.full_name\r\n            FROM verification_data v\r\n            LEFT JOIN candidates c ON v.courier_id = c.courier_id\r\n            ORDER BY v.created_at DESC \r\n            LIMIT ?"}
[2025-10-10 21:18:04] [ERROR] Error in getRecentVerificationsWithNames {"message":"Ошибка выполнения запроса","limit":5}
[2025-10-10 21:18:04] [DEBUG] Recent verifications result {"count":0,"data":[]}
[2025-10-10 21:18:05] [INFO] Admin statistics retrieved successfully {"stats_summary":{"candidates":"5","verifications":5,"earnings":"202200.00"}}
[2025-10-10 21:18:05] [DEBUG] Admin stats retrieved {"stats":{"total_candidates":"5","active_candidates":"5","total_verifications":5,"total_earnings":"202200.00","recent_verifications":[],"total_hours":"559.00","total_orders":"384","unique_couriers":"4","recent_verifications_count":"5"}}
[2025-10-10 21:18:12] [INFO] AdminController initialized 
[2025-10-10 21:18:12] [INFO] Admin dashboard accessed 
[2025-10-10 21:18:12] [INFO] User accessed admin dashboard {"user_id":"2","email":"tes1@yandex.ru","role":"admin"}
[2025-10-10 21:18:12] [INFO] Getting admin statistics 
[2025-10-10 21:18:12] [DEBUG] Fetching candidate statistics 
[2025-10-10 21:18:12] [DEBUG] Candidate stats {"total":"5","active":"5"}
[2025-10-10 21:18:12] [DEBUG] Fetching verification statistics 
[2025-10-10 21:18:12] [DEBUG] Fetching recent verifications with names 
[2025-10-10 21:18:12] [DEBUG] Getting recent verifications with names {"limit":5}
[2025-10-10 21:18:12] [DEBUG] SQL query prepared {"sql":"SELECT \r\n                v.*, \r\n                c.full_name\r\n            FROM verification_data v\r\n            LEFT JOIN candidates c ON v.courier_id = c.courier_id\r\n            ORDER BY v.created_at DESC \r\n            LIMIT ?"}
[2025-10-10 21:18:12] [ERROR] Error in getRecentVerificationsWithNames {"message":"Ошибка выполнения запроса","limit":5}
[2025-10-10 21:18:12] [DEBUG] Recent verifications result {"count":0,"data":[]}
[2025-10-10 21:18:12] [INFO] Admin statistics retrieved successfully {"stats_summary":{"candidates":"5","verifications":5,"earnings":"202200.00"}}
[2025-10-10 21:18:12] [DEBUG] Admin stats retrieved {"stats":{"total_candidates":"5","active_candidates":"5","total_verifications":5,"total_earnings":"202200.00","recent_verifications":[],"total_hours":"559.00","total_orders":"384","unique_couriers":"4","recent_verifications_count":"5"}}
[2025-10-10 21:18:22] [INFO] AdminController initialized 
[2025-10-10 21:18:22] [INFO] Admin dashboard accessed 
[2025-10-10 21:18:22] [INFO] User accessed admin dashboard {"user_id":"2","email":"tes1@yandex.ru","role":"admin"}
[2025-10-10 21:18:22] [INFO] Getting admin statistics 
[2025-10-10 21:18:22] [DEBUG] Fetching candidate statistics 
[2025-10-10 21:18:22] [DEBUG] Candidate stats {"total":"5","active":"5"}
[2025-10-10 21:18:22] [DEBUG] Fetching verification statistics 
[2025-10-10 21:18:22] [DEBUG] Fetching recent verifications with names 
[2025-10-10 21:18:22] [DEBUG] Getting recent verifications with names {"limit":5}
[2025-10-10 21:18:22] [DEBUG] SQL query prepared {"sql":"SELECT \r\n                v.*, \r\n                c.full_name\r\n            FROM verification_data v\r\n            LEFT JOIN candidates c ON v.courier_id = c.courier_id\r\n            ORDER BY v.created_at DESC \r\n            LIMIT ?"}
[2025-10-10 21:18:22] [ERROR] Error in getRecentVerificationsWithNames {"message":"Ошибка выполнения запроса","limit":5}
[2025-10-10 21:18:22] [DEBUG] Recent verifications result {"count":0,"data":[]}
[2025-10-10 21:18:22] [INFO] Admin statistics retrieved successfully {"stats_summary":{"candidates":"5","verifications":5,"earnings":"202200.00"}}
[2025-10-10 21:18:22] [DEBUG] Admin stats retrieved {"stats":{"total_candidates":"5","active_candidates":"5","total_verifications":5,"total_earnings":"202200.00","recent_verifications":[],"total_hours":"559.00","total_orders":"384","unique_couriers":"4","recent_verifications_count":"5"}}
[2025-10-10 21:18:31] [INFO] AdminController initialized 
[2025-10-10 21:18:31] [INFO] Admin dashboard accessed 
[2025-10-10 21:18:31] [INFO] User accessed admin dashboard {"user_id":"2","email":"tes1@yandex.ru","role":"admin"}
[2025-10-10 21:18:31] [INFO] Getting admin statistics 
[2025-10-10 21:18:31] [DEBUG] Fetching candidate statistics 
[2025-10-10 21:18:31] [DEBUG] Candidate stats {"total":"5","active":"5"}
[2025-10-10 21:18:31] [DEBUG] Fetching verification statistics 
[2025-10-10 21:18:31] [DEBUG] Fetching recent verifications with names 
[2025-10-10 21:18:31] [DEBUG] Getting recent verifications with names {"limit":5}
[2025-10-10 21:18:31] [DEBUG] SQL query prepared {"sql":"SELECT \r\n                v.*, \r\n                c.full_name\r\n            FROM verification_data v\r\n            LEFT JOIN candidates c ON v.courier_id = c.courier_id\r\n            ORDER BY v.created_at DESC \r\n            LIMIT ?"}
[2025-10-10 21:18:31] [ERROR] Error in getRecentVerificationsWithNames {"message":"Ошибка выполнения запроса","limit":5}
[2025-10-10 21:18:31] [DEBUG] Recent verifications result {"count":0,"data":[]}
[2025-10-10 21:18:31] [INFO] Admin statistics retrieved successfully {"stats_summary":{"candidates":"5","verifications":5,"earnings":"202200.00"}}
[2025-10-10 21:18:31] [DEBUG] Admin stats retrieved {"stats":{"total_candidates":"5","active_candidates":"5","total_verifications":5,"total_earnings":"202200.00","recent_verifications":[],"total_hours":"559.00","total_orders":"384","unique_couriers":"4","recent_verifications_count":"5"}}
[2025-10-10 21:18:54] [INFO] AdminController initialized 
[2025-10-10 21:18:54] [INFO] Admin dashboard accessed 
[2025-10-10 21:18:54] [INFO] User accessed admin dashboard {"user_id":"2","email":"tes1@yandex.ru","role":"admin"}
[2025-10-10 21:18:54] [INFO] Getting admin statistics 
[2025-10-10 21:18:54] [DEBUG] Fetching candidate statistics 
[2025-10-10 21:18:54] [DEBUG] Candidate stats {"total":"5","active":"5"}
[2025-10-10 21:18:54] [DEBUG] Fetching verification statistics 
[2025-10-10 21:18:54] [DEBUG] Fetching recent verifications with names 
[2025-10-10 21:18:54] [DEBUG] Getting recent verifications with names {"limit":5}
[2025-10-10 21:18:54] [DEBUG] SQL query prepared {"sql":"SELECT \r\n                v.*, \r\n                c.full_name\r\n            FROM verification_data v\r\n            LEFT JOIN candidates c ON v.courier_id = c.courier_id\r\n            ORDER BY v.created_at DESC \r\n            LIMIT ?"}
[2025-10-10 21:18:54] [ERROR] Error in getRecentVerificationsWithNames {"message":"Ошибка выполнения запроса","limit":5}
[2025-10-10 21:18:54] [DEBUG] Recent verifications result {"count":0,"data":[]}
[2025-10-10 21:18:54] [INFO] Admin statistics retrieved successfully {"stats_summary":{"candidates":"5","verifications":5,"earnings":"202200.00"}}
[2025-10-10 21:18:54] [DEBUG] Admin stats retrieved {"stats":{"total_candidates":"5","active_candidates":"5","total_verifications":5,"total_earnings":"202200.00","recent_verifications":[],"total_hours":"559.00","total_orders":"384","unique_couriers":"4","recent_verifications_count":"5"}}
[2025-10-10 21:19:08] [INFO] AdminController initialized 
[2025-10-10 21:19:08] [INFO] Admin dashboard accessed 
[2025-10-10 21:19:08] [INFO] User accessed admin dashboard {"user_id":"2","email":"tes1@yandex.ru","role":"admin"}
[2025-10-10 21:19:08] [INFO] Getting admin statistics 
[2025-10-10 21:19:08] [DEBUG] Fetching candidate statistics 
[2025-10-10 21:19:08] [DEBUG] Candidate stats {"total":"5","active":"5"}
[2025-10-10 21:19:08] [DEBUG] Fetching verification statistics 
[2025-10-10 21:19:08] [DEBUG] Fetching recent verifications with names 
[2025-10-10 21:19:08] [DEBUG] Getting recent verifications with names {"limit":5}
[2025-10-10 21:19:08] [DEBUG] SQL query prepared {"sql":"SELECT \r\n                v.*, \r\n                c.full_name\r\n            FROM verification_data v\r\n            LEFT JOIN candidates c ON v.courier_id = c.courier_id\r\n            ORDER BY v.created_at DESC \r\n            LIMIT ?"}
[2025-10-10 21:19:08] [ERROR] Error in getRecentVerificationsWithNames {"message":"Ошибка выполнения запроса","limit":5}
[2025-10-10 21:19:08] [DEBUG] Recent verifications result {"count":0,"data":[]}
[2025-10-10 21:19:08] [INFO] Admin statistics retrieved successfully {"stats_summary":{"candidates":"5","verifications":5,"earnings":"202200.00"}}
[2025-10-10 21:19:08] [DEBUG] Admin stats retrieved {"stats":{"total_candidates":"5","active_candidates":"5","total_verifications":5,"total_earnings":"202200.00","recent_verifications":[],"total_hours":"559.00","total_orders":"384","unique_couriers":"4","recent_verifications_count":"5"}}
[2025-10-10 22:08:37] [INFO] AdminController initialized 
[2025-10-10 22:08:37] [INFO] Admin dashboard accessed 
[2025-10-10 22:08:37] [INFO] User accessed admin dashboard {"user_id":"2","email":"tes1@yandex.ru","role":"admin"}
[2025-10-10 22:08:37] [INFO] Getting admin statistics 
[2025-10-10 22:08:37] [DEBUG] Fetching candidate statistics 
[2025-10-10 22:08:37] [DEBUG] Candidate stats {"total":"5","active":"5"}
[2025-10-10 22:08:37] [DEBUG] Fetching verification statistics 
[2025-10-10 22:08:37] [DEBUG] Fetching recent verifications with names 
[2025-10-10 22:08:37] [DEBUG] Getting recent verifications with names {"limit":5}
[2025-10-10 22:08:37] [DEBUG] SQL query prepared {"sql":"SELECT \r\n                v.*, \r\n                c.full_name\r\n            FROM verification_data v\r\n            LEFT JOIN candidates c ON v.courier_id = c.courier_id\r\n            ORDER BY v.created_at DESC \r\n            LIMIT ?"}
[2025-10-10 22:08:37] [ERROR] Error in getRecentVerificationsWithNames {"message":"Ошибка выполнения запроса","limit":5}
[2025-10-10 22:08:37] [DEBUG] Recent verifications result {"count":0,"data":[]}
[2025-10-10 22:08:37] [INFO] Admin statistics retrieved successfully {"stats_summary":{"candidates":"5","verifications":5,"earnings":"202200.00"}}
[2025-10-10 22:08:37] [DEBUG] Admin stats retrieved {"stats":{"total_candidates":"5","active_candidates":"5","total_verifications":5,"total_earnings":"202200.00","recent_verifications":[],"total_hours":"559.00","total_orders":"384","unique_couriers":"4","recent_verifications_count":"5"}}
[2025-10-10 22:10:16] [INFO] AdminController initialized 
[2025-10-10 22:10:16] [INFO] Admin dashboard accessed 
[2025-10-10 22:10:16] [INFO] User accessed admin dashboard {"user_id":"2","email":"tes1@yandex.ru","role":"admin"}
[2025-10-10 22:10:16] [INFO] Getting admin statistics 
[2025-10-10 22:10:16] [DEBUG] Fetching candidate statistics 
[2025-10-10 22:10:16] [DEBUG] Candidate stats {"total":"5","active":"5"}
[2025-10-10 22:10:16] [DEBUG] Fetching verification statistics 
[2025-10-10 22:10:16] [DEBUG] Fetching recent verifications with names 
[2025-10-10 22:10:16] [DEBUG] Getting recent verifications with names {"limit":5}
[2025-10-10 22:10:16] [DEBUG] SQL query prepared {"sql":"SELECT \r\n                v.*, \r\n                c.full_name\r\n            FROM verification_data v\r\n            LEFT JOIN candidates c ON v.courier_id = c.courier_id\r\n            ORDER BY v.created_at DESC \r\n            LIMIT ?"}
[2025-10-10 22:10:16] [ERROR] Error in getRecentVerificationsWithNames {"message":"Ошибка выполнения запроса","limit":5}
[2025-10-10 22:10:16] [DEBUG] Recent verifications result {"count":0,"data":[]}
[2025-10-10 22:10:16] [INFO] Admin statistics retrieved successfully {"stats_summary":{"candidates":"5","verifications":5,"earnings":"202200.00"}}
[2025-10-10 22:10:16] [DEBUG] Admin stats retrieved {"stats":{"total_candidates":"5","active_candidates":"5","total_verifications":5,"total_earnings":"202200.00","recent_verifications":[],"total_hours":"559.00","total_orders":"384","unique_couriers":"4","recent_verifications_count":"5"}}
[2025-10-10 22:10:49] [INFO] AdminController initialized 
[2025-10-10 22:10:49] [INFO] Admin dashboard accessed 
[2025-10-10 22:10:49] [INFO] User accessed admin dashboard {"user_id":"2","email":"tes1@yandex.ru","role":"admin"}
[2025-10-10 22:10:49] [INFO] Getting admin statistics 
[2025-10-10 22:10:49] [DEBUG] Fetching candidate statistics 
[2025-10-10 22:10:49] [DEBUG] Candidate stats {"total":"5","active":"5"}
[2025-10-10 22:10:49] [DEBUG] Fetching verification statistics 
[2025-10-10 22:10:49] [DEBUG] Fetching recent verifications with names 
[2025-10-10 22:10:49] [DEBUG] Getting recent verifications with names {"limit":5}
[2025-10-10 22:10:49] [DEBUG] SQL query prepared {"sql":"SELECT \r\n                v.*, \r\n                c.full_name\r\n            FROM verification_data v\r\n            LEFT JOIN candidates c ON v.courier_id = c.courier_id\r\n            ORDER BY v.created_at DESC \r\n            LIMIT ?"}
[2025-10-10 22:10:49] [ERROR] Error in getRecentVerificationsWithNames {"message":"Ошибка выполнения запроса","limit":5}
[2025-10-10 22:10:49] [DEBUG] Recent verifications result {"count":0,"data":[]}
[2025-10-10 22:10:49] [INFO] Admin statistics retrieved successfully {"stats_summary":{"candidates":"5","verifications":5,"earnings":"202200.00"}}
[2025-10-10 22:10:49] [DEBUG] Admin stats retrieved {"stats":{"total_candidates":"5","active_candidates":"5","total_verifications":5,"total_earnings":"202200.00","recent_verifications":[],"total_hours":"559.00","total_orders":"384","unique_couriers":"4","recent_verifications_count":"5"}}
[2025-10-10 22:10:51] [INFO] AdminController initialized 
[2025-10-10 22:10:51] [INFO] Admin dashboard accessed 
[2025-10-10 22:10:51] [INFO] User accessed admin dashboard {"user_id":"2","email":"tes1@yandex.ru","role":"admin"}
[2025-10-10 22:10:51] [INFO] Getting admin statistics 
[2025-10-10 22:10:51] [DEBUG] Fetching candidate statistics 
[2025-10-10 22:10:51] [DEBUG] Candidate stats {"total":"5","active":"5"}
[2025-10-10 22:10:51] [DEBUG] Fetching verification statistics 
[2025-10-10 22:10:51] [DEBUG] Fetching recent verifications with names 
[2025-10-10 22:10:51] [DEBUG] Getting recent verifications with names {"limit":5}
[2025-10-10 22:10:51] [DEBUG] SQL query prepared {"sql":"SELECT \r\n                v.*, \r\n                c.full_name\r\n            FROM verification_data v\r\n            LEFT JOIN candidates c ON v.courier_id = c.courier_id\r\n            ORDER BY v.created_at DESC \r\n            LIMIT ?"}
[2025-10-10 22:10:51] [ERROR] Error in getRecentVerificationsWithNames {"message":"Ошибка выполнения запроса","limit":5}
[2025-10-10 22:10:51] [DEBUG] Recent verifications result {"count":0,"data":[]}
[2025-10-10 22:10:51] [INFO] Admin statistics retrieved successfully {"stats_summary":{"candidates":"5","verifications":5,"earnings":"202200.00"}}
[2025-10-10 22:10:51] [DEBUG] Admin stats retrieved {"stats":{"total_candidates":"5","active_candidates":"5","total_verifications":5,"total_earnings":"202200.00","recent_verifications":[],"total_hours":"559.00","total_orders":"384","unique_couriers":"4","recent_verifications_count":"5"}}
[2025-10-10 22:16:54] [INFO] AdminController initialized 
[2025-10-10 22:16:54] [INFO] Admin dashboard accessed 
[2025-10-10 22:16:54] [INFO] User accessed admin dashboard {"user_id":"2","email":"tes1@yandex.ru","role":"admin"}
[2025-10-10 22:16:54] [INFO] Getting admin statistics 
[2025-10-10 22:16:54] [DEBUG] Fetching candidate statistics 
[2025-10-10 22:16:54] [DEBUG] Candidate stats {"total":"5","active":"5"}
[2025-10-10 22:16:54] [DEBUG] Fetching verification statistics 
[2025-10-10 22:16:54] [DEBUG] Fetching recent verifications with names 
[2025-10-10 22:16:54] [DEBUG] Getting recent verifications with names {"limit":5}
[2025-10-10 22:16:54] [DEBUG] SQL query prepared {"sql":"SELECT \r\n                v.*, \r\n                c.full_name\r\n            FROM verification_data v\r\n            LEFT JOIN candidates c ON v.courier_id = c.courier_id\r\n            ORDER BY v.created_at DESC \r\n            LIMIT ?"}
[2025-10-10 22:16:54] [ERROR] Error in getRecentVerificationsWithNames {"message":"Ошибка выполнения запроса","limit":5}
[2025-10-10 22:16:54] [DEBUG] Recent verifications result {"count":0,"data":[]}
[2025-10-10 22:16:54] [INFO] Admin statistics retrieved successfully {"stats_summary":{"candidates":"5","verifications":5,"earnings":"202200.00"}}
[2025-10-10 22:16:54] [DEBUG] Admin stats retrieved {"stats":{"total_candidates":"5","active_candidates":"5","total_verifications":5,"total_earnings":"202200.00","recent_verifications":[],"total_hours":"559.00","total_orders":"384","unique_couriers":"4","recent_verifications_count":"5"}}
[2025-10-10 22:17:11] [INFO] AdminController initialized 
[2025-10-10 22:17:11] [INFO] Admin dashboard accessed 
[2025-10-10 22:17:11] [INFO] User accessed admin dashboard {"user_id":"2","email":"tes1@yandex.ru","role":"admin"}
[2025-10-10 22:17:11] [INFO] Getting admin statistics 
[2025-10-10 22:17:11] [DEBUG] Fetching candidate statistics 
[2025-10-10 22:17:11] [DEBUG] Candidate stats {"total":"5","active":"5"}
[2025-10-10 22:17:11] [DEBUG] Fetching verification statistics 
[2025-10-10 22:17:11] [DEBUG] Fetching recent verifications with names 
[2025-10-10 22:17:11] [DEBUG] Getting recent verifications with names {"limit":5}
[2025-10-10 22:17:11] [DEBUG] SQL query prepared {"sql":"SELECT \r\n                v.*, \r\n                c.full_name\r\n            FROM verification_data v\r\n            LEFT JOIN candidates c ON v.courier_id = c.courier_id\r\n            ORDER BY v.created_at DESC \r\n            LIMIT ?"}
[2025-10-10 22:17:11] [ERROR] Error in getRecentVerificationsWithNames {"message":"Ошибка выполнения запроса","limit":5}
[2025-10-10 22:17:11] [DEBUG] Recent verifications result {"count":0,"data":[]}
[2025-10-10 22:17:11] [INFO] Admin statistics retrieved successfully {"stats_summary":{"candidates":"5","verifications":5,"earnings":"202200.00"}}
[2025-10-10 22:17:11] [DEBUG] Admin stats retrieved {"stats":{"total_candidates":"5","active_candidates":"5","total_verifications":5,"total_earnings":"202200.00","recent_verifications":[],"total_hours":"559.00","total_orders":"384","unique_couriers":"4","recent_verifications_count":"5"}}
[2025-10-11 14:18:33] [INFO] AdminController initialized 
[2025-10-11 14:18:33] [INFO] Admin dashboard accessed 
[2025-10-11 14:18:33] [INFO] User accessed admin dashboard {"user_id":"2","email":"tes1@yandex.ru","role":"admin"}
[2025-10-11 14:18:33] [INFO] Getting admin statistics 
[2025-10-11 14:18:33] [DEBUG] Fetching candidate statistics 
[2025-10-11 14:18:33] [DEBUG] Candidate stats {"total":"5","active":"5"}
[2025-10-11 14:18:33] [DEBUG] Fetching verification statistics 
[2025-10-11 14:18:33] [DEBUG] Fetching recent verifications with names 
[2025-10-11 14:18:33] [DEBUG] Getting recent verifications with names {"limit":5}
[2025-10-11 14:18:33] [DEBUG] SQL query prepared {"sql":"SELECT \r\n                v.*, \r\n                c.full_name\r\n            FROM verification_data v\r\n            LEFT JOIN candidates c ON v.courier_id = c.courier_id\r\n            ORDER BY v.created_at DESC \r\n            LIMIT ?"}
[2025-10-11 14:18:33] [ERROR] Error in getRecentVerificationsWithNames {"message":"Ошибка выполнения запроса","limit":5}
[2025-10-11 14:18:33] [DEBUG] Recent verifications result {"count":0,"data":[]}
[2025-10-11 14:18:33] [INFO] Admin statistics retrieved successfully {"stats_summary":{"candidates":"5","verifications":5,"earnings":"202200.00"}}
[2025-10-11 14:18:33] [DEBUG] Admin stats retrieved {"stats":{"total_candidates":"5","active_candidates":"5","total_verifications":5,"total_earnings":"202200.00","recent_verifications":[],"total_hours":"559.00","total_orders":"384","unique_couriers":"4","recent_verifications_count":"5"}}
[2025-10-11 15:53:04] [INFO] AdminController initialized 
[2025-10-11 15:53:04] [INFO] Admin dashboard accessed 
[2025-10-11 15:53:04] [INFO] User accessed admin dashboard {"user_id":"2","email":"tes1@yandex.ru","role":"admin"}
[2025-10-11 15:53:04] [INFO] Getting admin statistics 
[2025-10-11 15:53:04] [DEBUG] Fetching candidate statistics 
[2025-10-11 15:53:04] [DEBUG] Candidate stats {"total":"5","active":"5"}
[2025-10-11 15:53:04] [DEBUG] Fetching verification statistics 
[2025-10-11 15:53:04] [DEBUG] Fetching recent verifications with names 
[2025-10-11 15:53:04] [DEBUG] Getting recent verifications with names {"limit":5}
[2025-10-11 15:53:04] [DEBUG] SQL query prepared {"sql":"SELECT \r\n                v.*, \r\n                c.full_name\r\n            FROM verification_data v\r\n            LEFT JOIN candidates c ON v.courier_id = c.courier_id\r\n            ORDER BY v.created_at DESC \r\n            LIMIT ?"}
[2025-10-11 15:53:04] [ERROR] Error in getRecentVerificationsWithNames {"message":"Ошибка выполнения запроса","limit":5}
[2025-10-11 15:53:04] [DEBUG] Recent verifications result {"count":0,"data":[]}
[2025-10-11 15:53:04] [INFO] Admin statistics retrieved successfully {"stats_summary":{"candidates":"5","verifications":5,"earnings":"202200.00"}}
[2025-10-11 15:53:04] [DEBUG] Admin stats retrieved {"stats":{"total_candidates":"5","active_candidates":"5","total_verifications":5,"total_earnings":"202200.00","recent_verifications":[],"total_hours":"559.00","total_orders":"384","unique_couriers":"4","recent_verifications_count":"5"}}
[2025-10-11 15:53:15] [INFO] AdminController initialized 
[2025-10-11 15:53:15] [INFO] Admin dashboard accessed 
[2025-10-11 15:53:15] [INFO] User accessed admin dashboard {"user_id":"2","email":"tes1@yandex.ru","role":"admin"}
[2025-10-11 15:53:15] [INFO] Getting admin statistics 
[2025-10-11 15:53:15] [DEBUG] Fetching candidate statistics 
[2025-10-11 15:53:15] [DEBUG] Candidate stats {"total":"5","active":"5"}
[2025-10-11 15:53:15] [DEBUG] Fetching verification statistics 
[2025-10-11 15:53:15] [DEBUG] Fetching recent verifications with names 
[2025-10-11 15:53:15] [DEBUG] Getting recent verifications with names {"limit":5}
[2025-10-11 15:53:15] [DEBUG] SQL query prepared {"sql":"SELECT \r\n                v.*, \r\n                c.full_name\r\n            FROM verification_data v\r\n            LEFT JOIN candidates c ON v.courier_id = c.courier_id\r\n            ORDER BY v.created_at DESC \r\n            LIMIT ?"}
[2025-10-11 15:53:15] [ERROR] Error in getRecentVerificationsWithNames {"message":"Ошибка выполнения запроса","limit":5}
[2025-10-11 15:53:15] [DEBUG] Recent verifications result {"count":0,"data":[]}
[2025-10-11 15:53:15] [INFO] Admin statistics retrieved successfully {"stats_summary":{"candidates":"5","verifications":5,"earnings":"202200.00"}}
[2025-10-11 15:53:15] [DEBUG] Admin stats retrieved {"stats":{"total_candidates":"5","active_candidates":"5","total_verifications":5,"total_earnings":"202200.00","recent_verifications":[],"total_hours":"559.00","total_orders":"384","unique_couriers":"4","recent_verifications_count":"5"}}
[2025-10-11 15:54:50] [INFO] AdminController initialized 
[2025-10-11 15:54:50] [INFO] Admin dashboard accessed 
[2025-10-11 15:54:50] [INFO] User accessed admin dashboard {"user_id":"2","email":"tes1@yandex.ru","role":"admin"}
[2025-10-11 15:54:50] [INFO] Getting admin statistics 
[2025-10-11 15:54:50] [DEBUG] Fetching candidate statistics 
[2025-10-11 15:54:50] [DEBUG] Candidate stats {"total":"5","active":"5"}
[2025-10-11 15:54:50] [DEBUG] Fetching verification statistics 
[2025-10-11 15:54:50] [DEBUG] Fetching recent verifications with names 
[2025-10-11 15:54:50] [DEBUG] Getting recent verifications with names {"limit":5}
[2025-10-11 15:54:50] [DEBUG] SQL query prepared {"sql":"SELECT \r\n                v.*, \r\n                c.full_name\r\n            FROM verification_data v\r\n            LEFT JOIN candidates c ON v.courier_id = c.courier_id\r\n            ORDER BY v.created_at DESC \r\n            LIMIT ?"}
[2025-10-11 15:54:50] [ERROR] Error in getRecentVerificationsWithNames {"message":"Ошибка выполнения запроса","limit":5}
[2025-10-11 15:54:50] [DEBUG] Recent verifications result {"count":0,"data":[]}
[2025-10-11 15:54:50] [INFO] Admin statistics retrieved successfully {"stats_summary":{"candidates":"5","verifications":5,"earnings":"202200.00"}}
[2025-10-11 15:54:50] [DEBUG] Admin stats retrieved {"stats":{"total_candidates":"5","active_candidates":"5","total_verifications":5,"total_earnings":"202200.00","recent_verifications":[],"total_hours":"559.00","total_orders":"384","unique_couriers":"4","recent_verifications_count":"5"}}
[2025-10-11 15:55:04] [INFO] AdminController initialized 
[2025-10-11 15:55:04] [INFO] Admin dashboard accessed 
[2025-10-11 15:55:04] [INFO] User accessed admin dashboard {"user_id":"2","email":"tes1@yandex.ru","role":"admin"}
[2025-10-11 15:55:04] [INFO] Getting admin statistics 
[2025-10-11 15:55:04] [DEBUG] Fetching candidate statistics 
[2025-10-11 15:55:04] [DEBUG] Candidate stats {"total":"5","active":"5"}
[2025-10-11 15:55:04] [DEBUG] Fetching verification statistics 
[2025-10-11 15:55:04] [DEBUG] Fetching recent verifications with names 
[2025-10-11 15:55:04] [DEBUG] Getting recent verifications with names {"limit":5}
[2025-10-11 15:55:04] [DEBUG] SQL query prepared {"sql":"SELECT \r\n                v.*, \r\n                c.full_name\r\n            FROM verification_data v\r\n            LEFT JOIN candidates c ON v.courier_id = c.courier_id\r\n            ORDER BY v.created_at DESC \r\n            LIMIT ?"}
[2025-10-11 15:55:04] [ERROR] Error in getRecentVerificationsWithNames {"message":"Ошибка выполнения запроса","limit":5}
[2025-10-11 15:55:04] [DEBUG] Recent verifications result {"count":0,"data":[]}
[2025-10-11 15:55:04] [INFO] Admin statistics retrieved successfully {"stats_summary":{"candidates":"5","verifications":5,"earnings":"202200.00"}}
[2025-10-11 15:55:04] [DEBUG] Admin stats retrieved {"stats":{"total_candidates":"5","active_candidates":"5","total_verifications":5,"total_earnings":"202200.00","recent_verifications":[],"total_hours":"559.00","total_orders":"384","unique_couriers":"4","recent_verifications_count":"5"}}
[2025-10-11 17:52:27] [INFO] AdminController initialized 
[2025-10-11 17:52:27] [INFO] Admin dashboard accessed 
[2025-10-11 17:52:27] [INFO] User accessed admin dashboard {"user_id":"2","email":"tes1@yandex.ru","role":"admin"}
[2025-10-11 17:52:27] [INFO] Getting admin statistics 
[2025-10-11 17:52:27] [DEBUG] Fetching candidate statistics 
[2025-10-11 17:52:27] [DEBUG] Candidate stats {"total":"5","active":"5"}
[2025-10-11 17:52:27] [DEBUG] Fetching verification statistics 
[2025-10-11 17:52:27] [DEBUG] Fetching recent verifications with names 
[2025-10-11 17:52:27] [DEBUG] Getting recent verifications with names {"limit":5}
[2025-10-11 17:52:27] [DEBUG] SQL query prepared {"sql":"SELECT \r\n                v.*, \r\n                c.full_name\r\n            FROM verification_data v\r\n            LEFT JOIN candidates c ON v.courier_id = c.courier_id\r\n            ORDER BY v.created_at DESC \r\n            LIMIT ?"}
[2025-10-11 17:52:27] [ERROR] Error in getRecentVerificationsWithNames {"message":"Ошибка выполнения запроса","limit":5}
[2025-10-11 17:52:27] [DEBUG] Recent verifications result {"count":0,"data":[]}
[2025-10-11 17:52:27] [INFO] Admin statistics retrieved successfully {"stats_summary":{"candidates":"5","verifications":5,"earnings":"202200.00"}}
[2025-10-11 17:52:27] [DEBUG] Admin stats retrieved {"stats":{"total_candidates":"5","active_candidates":"5","total_verifications":5,"total_earnings":"202200.00","recent_verifications":[],"total_hours":"559.00","total_orders":"384","unique_couriers":"4","recent_verifications_count":"5"}}
[2025-10-11 17:56:52] [INFO] AdminController initialized 
[2025-10-11 17:56:52] [INFO] Admin dashboard accessed 
[2025-10-11 17:56:52] [INFO] User accessed admin dashboard {"user_id":"2","email":"tes1@yandex.ru","role":"admin"}
[2025-10-11 17:56:52] [INFO] Getting admin statistics 
[2025-10-11 17:56:52] [DEBUG] Fetching candidate statistics 
[2025-10-11 17:56:52] [DEBUG] Candidate stats {"total":"5","active":"5"}
[2025-10-11 17:56:52] [DEBUG] Fetching verification statistics 
[2025-10-11 17:56:52] [DEBUG] Fetching recent verifications with names 
[2025-10-11 17:56:52] [DEBUG] Getting recent verifications with names {"limit":5}
[2025-10-11 17:56:52] [DEBUG] SQL query prepared {"sql":"SELECT \r\n                v.*, \r\n                c.full_name\r\n            FROM verification_data v\r\n            LEFT JOIN candidates c ON v.courier_id = c.courier_id\r\n            ORDER BY v.created_at DESC \r\n            LIMIT ?"}
[2025-10-11 17:56:52] [ERROR] Error in getRecentVerificationsWithNames {"message":"Ошибка выполнения запроса","limit":5}
[2025-10-11 17:56:52] [DEBUG] Recent verifications result {"count":0,"data":[]}
[2025-10-11 17:56:52] [INFO] Admin statistics retrieved successfully {"stats_summary":{"candidates":"5","verifications":5,"earnings":"202200.00"}}
[2025-10-11 17:56:52] [DEBUG] Admin stats retrieved {"stats":{"total_candidates":"5","active_candidates":"5","total_verifications":5,"total_earnings":"202200.00","recent_verifications":[],"total_hours":"559.00","total_orders":"384","unique_couriers":"4","recent_verifications_count":"5"}}
[2025-10-11 18:00:57] [INFO] AdminController initialized 
[2025-10-11 18:00:57] [INFO] Admin dashboard accessed 
[2025-10-11 18:00:57] [INFO] User accessed admin dashboard {"user_id":"2","email":"tes1@yandex.ru","role":"admin"}
[2025-10-11 18:00:57] [INFO] Getting admin statistics 
[2025-10-11 18:00:57] [DEBUG] Fetching candidate statistics 
[2025-10-11 18:00:57] [DEBUG] Candidate stats {"total":"5","active":"5"}
[2025-10-11 18:00:57] [DEBUG] Fetching verification statistics 
[2025-10-11 18:00:57] [DEBUG] Fetching recent verifications with names 
[2025-10-11 18:00:57] [DEBUG] Getting recent verifications with names {"limit":5}
[2025-10-11 18:00:57] [DEBUG] SQL query prepared {"sql":"SELECT \r\n                v.*, \r\n                c.full_name\r\n            FROM verification_data v\r\n            LEFT JOIN candidates c ON v.courier_id = c.courier_id\r\n            ORDER BY v.created_at DESC \r\n            LIMIT ?"}
[2025-10-11 18:00:57] [ERROR] Error in getRecentVerificationsWithNames {"message":"Ошибка выполнения запроса","limit":5}
[2025-10-11 18:00:57] [DEBUG] Recent verifications result {"count":0,"data":[]}
[2025-10-11 18:00:57] [INFO] Admin statistics retrieved successfully {"stats_summary":{"candidates":"5","verifications":5,"earnings":"202200.00"}}
[2025-10-11 18:00:57] [DEBUG] Admin stats retrieved {"stats":{"total_candidates":"5","active_candidates":"5","total_verifications":5,"total_earnings":"202200.00","recent_verifications":[],"total_hours":"559.00","total_orders":"384","unique_couriers":"4","recent_verifications_count":"5"}}
[2025-10-11 18:03:11] [INFO] AdminController initialized 
[2025-10-11 18:03:11] [INFO] Admin dashboard accessed 
[2025-10-11 18:03:11] [INFO] User accessed admin dashboard {"user_id":"2","email":"tes1@yandex.ru","role":"admin"}
[2025-10-11 18:03:11] [INFO] Getting admin statistics 
[2025-10-11 18:03:11] [DEBUG] Fetching candidate statistics 
[2025-10-11 18:03:11] [DEBUG] Candidate stats {"total":"5","active":"5"}
[2025-10-11 18:03:11] [DEBUG] Fetching verification statistics 
[2025-10-11 18:03:11] [DEBUG] Fetching recent verifications with names 
[2025-10-11 18:03:11] [DEBUG] Getting recent verifications with names {"limit":5}
[2025-10-11 18:03:11] [DEBUG] SQL query prepared {"sql":"SELECT \r\n                v.*, \r\n                c.full_name\r\n            FROM verification_data v\r\n            LEFT JOIN candidates c ON v.courier_id = c.courier_id\r\n            ORDER BY v.created_at DESC \r\n            LIMIT ?"}
[2025-10-11 18:03:11] [ERROR] Error in getRecentVerificationsWithNames {"message":"Ошибка выполнения запроса","limit":5}
[2025-10-11 18:03:11] [DEBUG] Recent verifications result {"count":0,"data":[]}
[2025-10-11 18:03:11] [INFO] Admin statistics retrieved successfully {"stats_summary":{"candidates":"5","verifications":5,"earnings":"202200.00"}}
[2025-10-11 18:03:11] [DEBUG] Admin stats retrieved {"stats":{"total_candidates":"5","active_candidates":"5","total_verifications":5,"total_earnings":"202200.00","recent_verifications":[],"total_hours":"559.00","total_orders":"384","unique_couriers":"4","recent_verifications_count":"5"}}
[2025-10-11 18:03:13] [INFO] AdminController initialized 
[2025-10-11 18:03:13] [INFO] Admin dashboard accessed 
[2025-10-11 18:03:13] [INFO] User accessed admin dashboard {"user_id":"2","email":"tes1@yandex.ru","role":"admin"}
[2025-10-11 18:03:13] [INFO] Getting admin statistics 
[2025-10-11 18:03:13] [DEBUG] Fetching candidate statistics 
[2025-10-11 18:03:13] [DEBUG] Candidate stats {"total":"5","active":"5"}
[2025-10-11 18:03:13] [DEBUG] Fetching verification statistics 
[2025-10-11 18:03:13] [DEBUG] Fetching recent verifications with names 
[2025-10-11 18:03:13] [DEBUG] Getting recent verifications with names {"limit":5}
[2025-10-11 18:03:13] [DEBUG] SQL query prepared {"sql":"SELECT \r\n                v.*, \r\n                c.full_name\r\n            FROM verification_data v\r\n            LEFT JOIN candidates c ON v.courier_id = c.courier_id\r\n            ORDER BY v.created_at DESC \r\n            LIMIT ?"}
[2025-10-11 18:03:13] [ERROR] Error in getRecentVerificationsWithNames {"message":"Ошибка выполнения запроса","limit":5}
[2025-10-11 18:03:13] [DEBUG] Recent verifications result {"count":0,"data":[]}
[2025-10-11 18:03:13] [INFO] Admin statistics retrieved successfully {"stats_summary":{"candidates":"5","verifications":5,"earnings":"202200.00"}}
[2025-10-11 18:03:13] [DEBUG] Admin stats retrieved {"stats":{"total_candidates":"5","active_candidates":"5","total_verifications":5,"total_earnings":"202200.00","recent_verifications":[],"total_hours":"559.00","total_orders":"384","unique_couriers":"4","recent_verifications_count":"5"}}
[2025-10-11 18:18:39] [INFO] AdminController initialized 
[2025-10-11 18:18:39] [INFO] Admin dashboard accessed 
[2025-10-11 18:18:39] [INFO] User accessed admin dashboard {"user_id":"2","email":"tes1@yandex.ru","role":"admin"}
[2025-10-11 18:18:39] [INFO] Getting admin statistics 
[2025-10-11 18:18:39] [DEBUG] Fetching candidate statistics 
[2025-10-11 18:18:39] [DEBUG] Candidate stats {"total":"5","active":"5"}
[2025-10-11 18:18:39] [DEBUG] Fetching verification statistics 
[2025-10-11 18:18:39] [DEBUG] Fetching recent verifications with names 
[2025-10-11 18:18:39] [DEBUG] Getting recent verifications with names {"limit":5}
[2025-10-11 18:18:39] [DEBUG] SQL query prepared {"sql":"SELECT \r\n                v.*, \r\n                c.full_name\r\n            FROM verification_data v\r\n            LEFT JOIN candidates c ON v.courier_id = c.courier_id\r\n            ORDER BY v.created_at DESC \r\n            LIMIT ?"}
[2025-10-11 18:18:39] [ERROR] Error in getRecentVerificationsWithNames {"message":"Ошибка выполнения запроса","limit":5}
[2025-10-11 18:18:39] [DEBUG] Recent verifications result {"count":0,"data":[]}
[2025-10-11 18:18:39] [INFO] Admin statistics retrieved successfully {"stats_summary":{"candidates":"5","verifications":5,"earnings":"202200.00"}}
[2025-10-11 18:18:39] [DEBUG] Admin stats retrieved {"stats":{"total_candidates":"5","active_candidates":"5","total_verifications":5,"total_earnings":"202200.00","recent_verifications":[],"total_hours":"559.00","total_orders":"384","unique_couriers":"4","recent_verifications_count":"5"}}
[2025-10-11 18:26:19] [INFO] AdminController initialized 
[2025-10-11 18:26:19] [INFO] Admin dashboard accessed 
[2025-10-11 18:26:19] [INFO] User accessed admin dashboard {"user_id":"2","email":"tes1@yandex.ru","role":"admin"}
[2025-10-11 18:26:19] [INFO] Getting admin statistics 
[2025-10-11 18:26:19] [DEBUG] Fetching candidate statistics 
[2025-10-11 18:26:19] [DEBUG] Candidate stats {"total":"5","active":"5"}
[2025-10-11 18:26:19] [DEBUG] Fetching verification statistics 
[2025-10-11 18:26:19] [DEBUG] Fetching recent verifications with names 
[2025-10-11 18:26:19] [DEBUG] Getting recent verifications with names {"limit":5}
[2025-10-11 18:26:19] [DEBUG] SQL query prepared {"sql":"SELECT \r\n                v.*, \r\n                c.full_name\r\n            FROM verification_data v\r\n            LEFT JOIN candidates c ON v.courier_id = c.courier_id\r\n            ORDER BY v.created_at DESC \r\n            LIMIT ?"}
[2025-10-11 18:26:19] [ERROR] Error in getRecentVerificationsWithNames {"message":"Ошибка выполнения запроса","limit":5}
[2025-10-11 18:26:19] [DEBUG] Recent verifications result {"count":0,"data":[]}
[2025-10-11 18:26:19] [INFO] Admin statistics retrieved successfully {"stats_summary":{"candidates":"5","verifications":5,"earnings":"202200.00"}}
[2025-10-11 18:26:19] [DEBUG] Admin stats retrieved {"stats":{"total_candidates":"5","active_candidates":"5","total_verifications":5,"total_earnings":"202200.00","recent_verifications":[],"total_hours":"559.00","total_orders":"384","unique_couriers":"4","recent_verifications_count":"5"}}
[2025-10-11 20:12:13] [INFO] AdminController initialized 
[2025-10-11 20:12:13] [INFO] Admin dashboard accessed 
[2025-10-11 20:12:13] [INFO] Getting admin statistics 
[2025-10-11 20:12:13] [DEBUG] Fetching candidate statistics 
[2025-10-11 20:12:14] [DEBUG] Candidate stats {"total":"5","active":"5"}
[2025-10-11 20:12:14] [DEBUG] Fetching verification statistics 
[2025-10-11 20:12:14] [DEBUG] Fetching recent verifications with names 
[2025-10-11 20:12:14] [DEBUG] Getting recent verifications with names {"limit":5}
[2025-10-11 20:12:14] [DEBUG] SQL query prepared {"sql":"SELECT \r\n                v.*, \r\n                c.full_name\r\n            FROM verification_data v\r\n            LEFT JOIN candidates c ON v.courier_id = c.courier_id\r\n            ORDER BY v.created_at DESC \r\n            LIMIT ?"}
[2025-10-11 20:12:14] [ERROR] Error in getRecentVerificationsWithNames {"message":"Ошибка выполнения запроса","limit":5}
[2025-10-11 20:12:14] [DEBUG] Recent verifications result {"count":0,"data":[]}
[2025-10-11 20:12:14] [INFO] Admin statistics retrieved successfully {"stats_summary":{"candidates":"5","verifications":5,"earnings":"202200.00"}}
[2025-10-11 20:12:17] [INFO] AdminController initialized 
[2025-10-11 20:12:17] [INFO] Admin dashboard accessed 
[2025-10-11 20:12:17] [INFO] Getting admin statistics 
[2025-10-11 20:12:17] [DEBUG] Fetching candidate statistics 
[2025-10-11 20:12:17] [DEBUG] Candidate stats {"total":"5","active":"5"}
[2025-10-11 20:12:17] [DEBUG] Fetching verification statistics 
[2025-10-11 20:12:17] [DEBUG] Fetching recent verifications with names 
[2025-10-11 20:12:17] [DEBUG] Getting recent verifications with names {"limit":5}
[2025-10-11 20:12:17] [DEBUG] SQL query prepared {"sql":"SELECT \r\n                v.*, \r\n                c.full_name\r\n            FROM verification_data v\r\n            LEFT JOIN candidates c ON v.courier_id = c.courier_id\r\n            ORDER BY v.created_at DESC \r\n            LIMIT ?"}
[2025-10-11 20:12:17] [ERROR] Error in getRecentVerificationsWithNames {"message":"Ошибка выполнения запроса","limit":5}
[2025-10-11 20:12:17] [DEBUG] Recent verifications result {"count":0,"data":[]}
[2025-10-11 20:12:17] [INFO] Admin statistics retrieved successfully {"stats_summary":{"candidates":"5","verifications":5,"earnings":"202200.00"}}
[2025-10-11 20:36:03] [INFO] AdminController initialized 
[2025-10-11 20:36:03] [INFO] Admin dashboard accessed 
[2025-10-11 20:36:03] [INFO] Getting admin statistics 
[2025-10-11 20:36:03] [DEBUG] Fetching candidate statistics 
[2025-10-11 20:36:03] [DEBUG] Candidate stats {"total":"5","active":"5"}
[2025-10-11 20:36:03] [DEBUG] Fetching verification statistics 
[2025-10-11 20:36:03] [DEBUG] Fetching recent verifications with names 
[2025-10-11 20:36:03] [DEBUG] Getting recent verifications with names {"limit":5}
[2025-10-11 20:36:03] [DEBUG] SQL query prepared {"sql":"SELECT \r\n                v.*, \r\n                c.full_name\r\n            FROM verification_data v\r\n            LEFT JOIN candidates c ON v.courier_id = c.courier_id\r\n            ORDER BY v.created_at DESC \r\n            LIMIT ?"}
[2025-10-11 20:36:03] [ERROR] Error in getRecentVerificationsWithNames {"message":"Ошибка выполнения запроса","limit":5}
[2025-10-11 20:36:03] [DEBUG] Recent verifications result {"count":0,"data":[]}
[2025-10-11 20:36:03] [INFO] Admin statistics retrieved successfully {"stats_summary":{"candidates":"5","verifications":5,"earnings":"202200.00"}}
[2025-10-11 20:36:05] [INFO] AdminController initialized 
[2025-10-11 20:36:05] [INFO] Admin dashboard accessed 
[2025-10-11 20:36:05] [INFO] Getting admin statistics 
[2025-10-11 20:36:05] [DEBUG] Fetching candidate statistics 
[2025-10-11 20:36:05] [DEBUG] Candidate stats {"total":"5","active":"5"}
[2025-10-11 20:36:05] [DEBUG] Fetching verification statistics 
[2025-10-11 20:36:05] [DEBUG] Fetching recent verifications with names 
[2025-10-11 20:36:05] [DEBUG] Getting recent verifications with names {"limit":5}
[2025-10-11 20:36:05] [DEBUG] SQL query prepared {"sql":"SELECT \r\n                v.*, \r\n                c.full_name\r\n            FROM verification_data v\r\n            LEFT JOIN candidates c ON v.courier_id = c.courier_id\r\n            ORDER BY v.created_at DESC \r\n            LIMIT ?"}
[2025-10-11 20:36:05] [ERROR] Error in getRecentVerificationsWithNames {"message":"Ошибка выполнения запроса","limit":5}
[2025-10-11 20:36:05] [DEBUG] Recent verifications result {"count":0,"data":[]}
[2025-10-11 20:36:05] [INFO] Admin statistics retrieved successfully {"stats_summary":{"candidates":"5","verifications":5,"earnings":"202200.00"}}
[2025-10-11 20:36:50] [INFO] AdminController initialized 
[2025-10-11 20:36:50] [INFO] Admin dashboard accessed 
[2025-10-11 20:36:50] [INFO] Getting admin statistics 
[2025-10-11 20:36:50] [DEBUG] Fetching candidate statistics 
[2025-10-11 20:36:50] [DEBUG] Candidate stats {"total":"5","active":"5"}
[2025-10-11 20:36:50] [DEBUG] Fetching verification statistics 
[2025-10-11 20:36:50] [DEBUG] Fetching recent verifications with names 
[2025-10-11 20:36:50] [DEBUG] Getting recent verifications with names {"limit":5}
[2025-10-11 20:36:50] [DEBUG] SQL query prepared {"sql":"SELECT \r\n                v.*, \r\n                c.full_name\r\n            FROM verification_data v\r\n            LEFT JOIN candidates c ON v.courier_id = c.courier_id\r\n            ORDER BY v.created_at DESC \r\n            LIMIT ?"}
[2025-10-11 20:36:50] [ERROR] Error in getRecentVerificationsWithNames {"message":"Ошибка выполнения запроса","limit":5}
[2025-10-11 20:36:50] [DEBUG] Recent verifications result {"count":0,"data":[]}
[2025-10-11 20:36:50] [INFO] Admin statistics retrieved successfully {"stats_summary":{"candidates":"5","verifications":5,"earnings":"202200.00"}}
[2025-10-11 20:36:52] [INFO] AdminController initialized 
[2025-10-11 20:36:52] [INFO] Admin dashboard accessed 
[2025-10-11 20:36:52] [INFO] Getting admin statistics 
[2025-10-11 20:36:52] [DEBUG] Fetching candidate statistics 
[2025-10-11 20:36:52] [DEBUG] Candidate stats {"total":"5","active":"5"}
[2025-10-11 20:36:52] [DEBUG] Fetching verification statistics 
[2025-10-11 20:36:52] [DEBUG] Fetching recent verifications with names 
[2025-10-11 20:36:52] [DEBUG] Getting recent verifications with names {"limit":5}
[2025-10-11 20:36:52] [DEBUG] SQL query prepared {"sql":"SELECT \r\n                v.*, \r\n                c.full_name\r\n            FROM verification_data v\r\n            LEFT JOIN candidates c ON v.courier_id = c.courier_id\r\n            ORDER BY v.created_at DESC \r\n            LIMIT ?"}
[2025-10-11 20:36:52] [ERROR] Error in getRecentVerificationsWithNames {"message":"Ошибка выполнения запроса","limit":5}
[2025-10-11 20:36:52] [DEBUG] Recent verifications result {"count":0,"data":[]}
[2025-10-11 20:36:52] [INFO] Admin statistics retrieved successfully {"stats_summary":{"candidates":"5","verifications":5,"earnings":"202200.00"}}
[2025-10-11 20:37:22] [INFO] AdminController initialized 
[2025-10-11 20:37:22] [INFO] Admin dashboard accessed 
[2025-10-11 20:37:22] [INFO] Getting admin statistics 
[2025-10-11 20:37:22] [DEBUG] Fetching candidate statistics 
[2025-10-11 20:37:22] [DEBUG] Candidate stats {"total":"5","active":"5"}
[2025-10-11 20:37:22] [DEBUG] Fetching verification statistics 
[2025-10-11 20:37:22] [DEBUG] Fetching recent verifications with names 
[2025-10-11 20:37:22] [DEBUG] Getting recent verifications with names {"limit":5}
[2025-10-11 20:37:22] [DEBUG] SQL query prepared {"sql":"SELECT \r\n                v.*, \r\n                c.full_name\r\n            FROM verification_data v\r\n            LEFT JOIN candidates c ON v.courier_id = c.courier_id\r\n            ORDER BY v.created_at DESC \r\n            LIMIT ?"}
[2025-10-11 20:37:22] [ERROR] Error in getRecentVerificationsWithNames {"message":"Ошибка выполнения запроса","limit":5}
[2025-10-11 20:37:22] [DEBUG] Recent verifications result {"count":0,"data":[]}
[2025-10-11 20:37:22] [INFO] Admin statistics retrieved successfully {"stats_summary":{"candidates":"5","verifications":5,"earnings":"202200.00"}}
[2025-10-11 20:38:22] [INFO] AdminController initialized 
[2025-10-11 20:38:22] [INFO] Admin dashboard accessed 
[2025-10-11 20:38:22] [INFO] Getting admin statistics 
[2025-10-11 20:38:22] [DEBUG] Fetching candidate statistics 
[2025-10-11 20:38:22] [DEBUG] Candidate stats {"total":"5","active":"5"}
[2025-10-11 20:38:22] [DEBUG] Fetching verification statistics 
[2025-10-11 20:38:22] [DEBUG] Fetching recent verifications with names 
[2025-10-11 20:38:22] [DEBUG] Getting recent verifications with names {"limit":5}
[2025-10-11 20:38:22] [DEBUG] SQL query prepared {"sql":"SELECT \r\n                v.*, \r\n                c.full_name\r\n            FROM verification_data v\r\n            LEFT JOIN candidates c ON v.courier_id = c.courier_id\r\n            ORDER BY v.created_at DESC \r\n            LIMIT ?"}
[2025-10-11 20:38:22] [ERROR] Error in getRecentVerificationsWithNames {"message":"Ошибка выполнения запроса","limit":5}
[2025-10-11 20:38:22] [DEBUG] Recent verifications result {"count":0,"data":[]}
[2025-10-11 20:38:22] [INFO] Admin statistics retrieved successfully {"stats_summary":{"candidates":"5","verifications":5,"earnings":"202200.00"}}
[2025-10-11 20:39:49] [INFO] AdminController initialized 
[2025-10-11 20:39:49] [INFO] Admin dashboard accessed 
[2025-10-11 20:39:49] [INFO] Getting admin statistics 
[2025-10-11 20:39:49] [DEBUG] Fetching candidate statistics 
[2025-10-11 20:39:49] [DEBUG] Candidate stats {"total":"5","active":"5"}
[2025-10-11 20:39:49] [DEBUG] Fetching verification statistics 
[2025-10-11 20:39:49] [DEBUG] Fetching recent verifications with names 
[2025-10-11 20:39:49] [DEBUG] Getting recent verifications with names {"limit":5}
[2025-10-11 20:39:49] [DEBUG] SQL query prepared {"sql":"SELECT \r\n                v.*, \r\n                c.full_name\r\n            FROM verification_data v\r\n            LEFT JOIN candidates c ON v.courier_id = c.courier_id\r\n            ORDER BY v.created_at DESC \r\n            LIMIT ?"}
[2025-10-11 20:39:49] [ERROR] Error in getRecentVerificationsWithNames {"message":"Ошибка выполнения запроса","limit":5}
[2025-10-11 20:39:49] [DEBUG] Recent verifications result {"count":0,"data":[]}
[2025-10-11 20:39:49] [INFO] Admin statistics retrieved successfully {"stats_summary":{"candidates":"5","verifications":5,"earnings":"202200.00"}}
[2025-10-11 20:41:23] [INFO] AdminController initialized 
[2025-10-11 20:41:23] [INFO] Admin dashboard accessed 
[2025-10-11 20:41:23] [INFO] Getting admin statistics 
[2025-10-11 20:41:23] [DEBUG] Fetching candidate statistics 
[2025-10-11 20:41:23] [DEBUG] Candidate stats {"total":"5","active":"5"}
[2025-10-11 20:41:23] [DEBUG] Fetching verification statistics 
[2025-10-11 20:41:23] [DEBUG] Fetching recent verifications with names 
[2025-10-11 20:41:23] [DEBUG] Getting recent verifications with names {"limit":5}
[2025-10-11 20:41:23] [DEBUG] SQL query prepared {"sql":"SELECT \r\n                v.*, \r\n                c.full_name\r\n            FROM verification_data v\r\n            LEFT JOIN candidates c ON v.courier_id = c.courier_id\r\n            ORDER BY v.created_at DESC \r\n            LIMIT ?"}
[2025-10-11 20:41:23] [ERROR] Error in getRecentVerificationsWithNames {"message":"Ошибка выполнения запроса","limit":5}
[2025-10-11 20:41:23] [DEBUG] Recent verifications result {"count":0,"data":[]}
[2025-10-11 20:41:23] [INFO] Admin statistics retrieved successfully {"stats_summary":{"candidates":"5","verifications":5,"earnings":"202200.00"}}
[2025-10-11 20:41:35] [INFO] AdminController initialized 
[2025-10-11 20:41:35] [INFO] Admin dashboard accessed 
[2025-10-11 20:41:35] [INFO] Getting admin statistics 
[2025-10-11 20:41:35] [DEBUG] Fetching candidate statistics 
[2025-10-11 20:41:35] [DEBUG] Candidate stats {"total":"5","active":"5"}
[2025-10-11 20:41:35] [DEBUG] Fetching verification statistics 
[2025-10-11 20:41:35] [DEBUG] Fetching recent verifications with names 
[2025-10-11 20:41:35] [DEBUG] Getting recent verifications with names {"limit":5}
[2025-10-11 20:41:35] [DEBUG] SQL query prepared {"sql":"SELECT \r\n                v.*, \r\n                c.full_name\r\n            FROM verification_data v\r\n            LEFT JOIN candidates c ON v.courier_id = c.courier_id\r\n            ORDER BY v.created_at DESC \r\n            LIMIT ?"}
[2025-10-11 20:41:35] [ERROR] Error in getRecentVerificationsWithNames {"message":"Ошибка выполнения запроса","limit":5}
[2025-10-11 20:41:35] [DEBUG] Recent verifications result {"count":0,"data":[]}
[2025-10-11 20:41:35] [INFO] Admin statistics retrieved successfully {"stats_summary":{"candidates":"5","verifications":5,"earnings":"202200.00"}}
[2025-10-11 20:51:27] [INFO] AdminController initialized 
[2025-10-11 20:51:27] [INFO] Admin dashboard accessed 
[2025-10-11 20:51:27] [INFO] Getting admin statistics 
[2025-10-11 20:51:27] [DEBUG] Fetching candidate statistics 
[2025-10-11 20:51:27] [DEBUG] Candidate stats {"total":"5","active":"5"}
[2025-10-11 20:51:27] [DEBUG] Fetching verification statistics 
[2025-10-11 20:51:27] [DEBUG] Fetching recent verifications with names 
[2025-10-11 20:51:27] [DEBUG] Getting recent verifications with names {"limit":5}
[2025-10-11 20:51:27] [DEBUG] SQL query prepared {"sql":"SELECT \r\n                v.*, \r\n                c.full_name\r\n            FROM verification_data v\r\n            LEFT JOIN candidates c ON v.courier_id = c.courier_id\r\n            ORDER BY v.created_at DESC \r\n            LIMIT ?"}
[2025-10-11 20:51:27] [ERROR] Error in getRecentVerificationsWithNames {"message":"Ошибка выполнения запроса","limit":5}
[2025-10-11 20:51:27] [DEBUG] Recent verifications result {"count":0,"data":[]}
[2025-10-11 20:51:27] [INFO] Admin statistics retrieved successfully {"stats_summary":{"candidates":"5","verifications":5,"earnings":"202200.00"}}
